<?xml version="1.0" encoding="UTF-8"?>
<!-- Generated by org.testng.reporters.JUnitXMLReporter -->
<testsuite ignored="2" hostname="DESKTOP-Q55VOI7" failures="0" tests="1" name="PracticeTest" time="0.104" errors="0" timestamp="25 Jun 2022 21:56:22 GMT">
  <testcase classname="flipkart.com.Practice" name="test3" time="0.032"/>
  <testcase classname="flipkart.com.Practice" name="test2" time="0.0">
    <ignored/>
  </testcase> <!-- test2 -->
  <testcase classname="flipkart.com.Practice" name="test1" time="0.0">
    <ignored/>
  </testcase> <!-- test1 -->
</testsuite> <!-- PracticeTest -->
