<?xml version="1.0" encoding="UTF-8"?>
<!-- Generated by org.testng.reporters.JUnitXMLReporter -->
<testsuite ignored="0" hostname="DESKTOP-Q55VOI7" failures="1" tests="1" name="test" time="0.136" errors="0" timestamp="25 Jun 2022 23:43:48 GMT">
  <testcase classname="flipkart.com.Practice" name="test1" time="0.032">
    <failure type="java.lang.AssertionError" message="expected [true] but found [false]">
      <![CDATA[java.lang.AssertionError: expected [true] but found [false]
at flipkart.com.Practice.test1(Practice.java:13)
... Removed 29 stack frames]]>
    </failure>
  </testcase> <!-- test1 -->
</testsuite> <!-- test -->
