<?xml version="1.0" encoding="UTF-8"?>
<!-- Generated by org.testng.reporters.JUnitXMLReporter -->
<testsuite ignored="0" hostname="DESKTOP-Q55VOI7" failures="0" tests="4" name="Test" time="13.485" errors="0" timestamp="20 Jun 2022 18:22:36 GMT">
  <testcase classname="facebook.com.faceBookSampleExe" name="launch" time="6.122"/>
  <testcase classname="facebook.com.faceBookSampleExe" name="userName" time="0.207"/>
  <testcase classname="facebook.com.faceBookSampleExe" name="passWord" time="0.293"/>
  <testcase classname="facebook.com.faceBookSampleExe" name="LoginClick" time="6.783"/>
</testsuite> <!-- Test -->
